<?xml version="1.0" encoding="UTF-8"?>
<testsuite name="com.jojoldu.book.springboot.web.HelloControllerTest" tests="2" skipped="0" failures="0" errors="0" timestamp="2022-03-19T14:19:49" hostname="yuganghyeon-ui-MacBookPro.local" time="0.126">
  <properties/>
  <testcase name="hello가_리턴된다" classname="com.jojoldu.book.springboot.web.HelloControllerTest" time="0.038"/>
  <testcase name="helloDto가_리턴된다" classname="com.jojoldu.book.springboot.web.HelloControllerTest" time="0.087"/>
  <system-out><![CDATA[2022-03-19 23:19:43.919  INFO 877 --- [    Test worker] .b.t.a.w.s.WebMvcTestContextBootstrapper : Neither @ContextConfiguration nor @ContextHierarchy found for test class [com.jojoldu.book.springboot.web.HelloControllerTest], using SpringBootContextLoader
2022-03-19 23:19:43.921  INFO 877 --- [    Test worker] o.s.t.c.support.AbstractContextLoader    : Could not detect default resource locations for test class [com.jojoldu.book.springboot.web.HelloControllerTest]: no resource found for suffixes {-context.xml, Context.groovy}.
2022-03-19 23:19:43.921  INFO 877 --- [    Test worker] t.c.s.AnnotationConfigContextLoaderUtils : Could not detect default configuration classes for test class [com.jojoldu.book.springboot.web.HelloControllerTest]: HelloControllerTest does not declare any static, non-private, non-final, nested classes annotated with @Configuration.
2022-03-19 23:19:43.947  INFO 877 --- [    Test worker] .b.t.c.SpringBootTestContextBootstrapper : Found @SpringBootConfiguration com.jojoldu.book.springboot.Application for test class com.jojoldu.book.springboot.web.HelloControllerTest
2022-03-19 23:19:43.948  INFO 877 --- [    Test worker] .b.t.a.w.s.WebMvcTestContextBootstrapper : Loaded default TestExecutionListener class names from location [META-INF/spring.factories]: [org.springframework.security.test.context.support.WithSecurityContextTestExecutionListener, org.springframework.security.test.context.support.ReactorContextTestExecutionListener, org.springframework.boot.test.autoconfigure.restdocs.RestDocsTestExecutionListener, org.springframework.boot.test.autoconfigure.web.client.MockRestServiceServerResetTestExecutionListener, org.springframework.boot.test.autoconfigure.web.servlet.MockMvcPrintOnlyOnFailureTestExecutionListener, org.springframework.boot.test.autoconfigure.web.servlet.WebDriverTestExecutionListener, org.springframework.boot.test.mock.mockito.MockitoTestExecutionListener, org.springframework.boot.test.mock.mockito.ResetMocksTestExecutionListener, org.springframework.test.context.web.ServletTestExecutionListener, org.springframework.test.context.support.DirtiesContextBeforeModesTestExecutionListener, org.springframework.test.context.support.DependencyInjectionTestExecutionListener, org.springframework.test.context.support.DirtiesContextTestExecutionListener, org.springframework.test.context.transaction.TransactionalTestExecutionListener, org.springframework.test.context.jdbc.SqlScriptsTestExecutionListener]
2022-03-19 23:19:43.950  INFO 877 --- [    Test worker] .b.t.a.w.s.WebMvcTestContextBootstrapper : Using TestExecutionListeners: [org.springframework.test.context.web.ServletTestExecutionListener@55855448, org.springframework.test.context.support.DirtiesContextBeforeModesTestExecutionListener@7d59fb74, org.springframework.boot.test.mock.mockito.MockitoTestExecutionListener@5f26aff2, org.springframework.boot.test.autoconfigure.SpringBootDependencyInjectionTestExecutionListener@2fe0c74, org.springframework.test.context.support.DirtiesContextTestExecutionListener@7da62f77, org.springframework.test.context.transaction.TransactionalTestExecutionListener@4f96e9ec, org.springframework.test.context.jdbc.SqlScriptsTestExecutionListener@252586d3, org.springframework.security.test.context.support.WithSecurityContextTestExecutionListener@57caa3af, org.springframework.security.test.context.support.ReactorContextTestExecutionListener@1bdbf3b6, org.springframework.boot.test.autoconfigure.restdocs.RestDocsTestExecutionListener@63faa0a8, org.springframework.boot.test.autoconfigure.web.client.MockRestServiceServerResetTestExecutionListener@6a60b11a, org.springframework.boot.test.autoconfigure.web.servlet.MockMvcPrintOnlyOnFailureTestExecutionListener@6835b022, org.springframework.boot.test.autoconfigure.web.servlet.WebDriverTestExecutionListener@2cb7a8d1, org.springframework.boot.test.mock.mockito.ResetMocksTestExecutionListener@1a7eb20f]

  .   ____          _            __ _ _
 /\\ / ___'_ __ _ _(_)_ __  __ _ \ \ \ \
( ( )\___ | '_ | '_| | '_ \/ _` | \ \ \ \
 \\/  ___)| |_)| | | | | || (_| |  ) ) ) )
  '  |____| .__|_| |_|_| |_\__, | / / / /
 =========|_|==============|___/=/_/_/_/
 :: Spring Boot ::        (v2.1.7.RELEASE)

2022-03-19 23:19:48.982  INFO 877 --- [    Test worker] c.j.b.s.web.HelloControllerTest          : Starting HelloControllerTest on yuganghyeon-ui-MacBookPro.local with PID 877 (started by yuganghyeon in /Users/yuganghyeon/IdeaProjects/boot)
2022-03-19 23:19:48.983  INFO 877 --- [    Test worker] c.j.b.s.web.HelloControllerTest          : No active profile set, falling back to default profiles: default
2022-03-19 23:19:49.385  INFO 877 --- [    Test worker] o.s.s.concurrent.ThreadPoolTaskExecutor  : Initializing ExecutorService 'applicationTaskExecutor'
2022-03-19 23:19:49.417  INFO 877 --- [    Test worker] o.s.b.a.w.s.WelcomePageHandlerMapping    : Adding welcome page template: index
2022-03-19 23:19:49.570  INFO 877 --- [    Test worker] .s.s.UserDetailsServiceAutoConfiguration : 

Using generated security password: 10a90260-5c1b-4de5-9d96-9672757a3a4b

2022-03-19 23:19:49.654  INFO 877 --- [    Test worker] o.s.s.web.DefaultSecurityFilterChain     : Creating filter chain: any request, [org.springframework.security.web.context.request.async.WebAsyncManagerIntegrationFilter@1dc510b4, org.springframework.security.web.context.SecurityContextPersistenceFilter@8b9377c, org.springframework.security.web.header.HeaderWriterFilter@2682313e, org.springframework.security.web.csrf.CsrfFilter@4e164e49, org.springframework.security.web.authentication.logout.LogoutFilter@4ce41c8f, org.springframework.security.web.authentication.UsernamePasswordAuthenticationFilter@7e03ea63, org.springframework.security.web.authentication.ui.DefaultLoginPageGeneratingFilter@282b8fdc, org.springframework.security.web.authentication.ui.DefaultLogoutPageGeneratingFilter@3bd97e95, org.springframework.security.web.authentication.www.BasicAuthenticationFilter@43f99faa, org.springframework.security.web.savedrequest.RequestCacheAwareFilter@1738bb3a, org.springframework.security.web.servletapi.SecurityContextHolderAwareRequestFilter@20846322, org.springframework.security.web.authentication.AnonymousAuthenticationFilter@3452b28b, org.springframework.security.web.session.SessionManagementFilter@5a9a47a1, org.springframework.security.web.access.ExceptionTranslationFilter@1b0083c2, org.springframework.security.web.access.intercept.FilterSecurityInterceptor@7f13dd86]
2022-03-19 23:19:49.671  INFO 877 --- [    Test worker] o.s.b.t.m.w.SpringBootMockServletContext : Initializing Spring TestDispatcherServlet ''
2022-03-19 23:19:49.671  INFO 877 --- [    Test worker] o.s.t.web.servlet.TestDispatcherServlet  : Initializing Servlet ''
2022-03-19 23:19:49.674  INFO 877 --- [    Test worker] o.s.t.web.servlet.TestDispatcherServlet  : Completed initialization in 3 ms
2022-03-19 23:19:49.700  INFO 877 --- [    Test worker] c.j.b.s.web.HelloControllerTest          : Started HelloControllerTest in 5.743 seconds (JVM running for 18.61)
]]></system-out>
  <system-err><![CDATA[]]></system-err>
</testsuite>
