<?xml version="1.0" encoding="UTF-8"?>
<testsuite name="com.jojoldu.book.springboot.domain.posts.PostsRepositoryTest" tests="2" skipped="0" failures="0" errors="0" timestamp="2022-03-19T14:19:51" hostname="yuganghyeon-ui-MacBookPro.local" time="0.035">
  <properties/>
  <testcase name="게시글저장_불러오기" classname="com.jojoldu.book.springboot.domain.posts.PostsRepositoryTest" time="0.022"/>
  <testcase name="BaseTimeEntity_등록" classname="com.jojoldu.book.springboot.domain.posts.PostsRepositoryTest" time="0.012"/>
  <system-out><![CDATA[2022-03-19 23:19:50.054  INFO 877 --- [    Test worker] .b.t.c.SpringBootTestContextBootstrapper : Neither @ContextConfiguration nor @ContextHierarchy found for test class [com.jojoldu.book.springboot.domain.posts.PostsRepositoryTest], using SpringBootContextLoader
2022-03-19 23:19:50.055  INFO 877 --- [    Test worker] o.s.t.c.support.AbstractContextLoader    : Could not detect default resource locations for test class [com.jojoldu.book.springboot.domain.posts.PostsRepositoryTest]: no resource found for suffixes {-context.xml, Context.groovy}.
2022-03-19 23:19:50.055  INFO 877 --- [    Test worker] t.c.s.AnnotationConfigContextLoaderUtils : Could not detect default configuration classes for test class [com.jojoldu.book.springboot.domain.posts.PostsRepositoryTest]: PostsRepositoryTest does not declare any static, non-private, non-final, nested classes annotated with @Configuration.
2022-03-19 23:19:50.063  INFO 877 --- [    Test worker] .b.t.c.SpringBootTestContextBootstrapper : Found @SpringBootConfiguration com.jojoldu.book.springboot.Application for test class com.jojoldu.book.springboot.domain.posts.PostsRepositoryTest
2022-03-19 23:19:50.066  INFO 877 --- [    Test worker] .b.t.c.SpringBootTestContextBootstrapper : Loaded default TestExecutionListener class names from location [META-INF/spring.factories]: [org.springframework.security.test.context.support.WithSecurityContextTestExecutionListener, org.springframework.security.test.context.support.ReactorContextTestExecutionListener, org.springframework.boot.test.autoconfigure.restdocs.RestDocsTestExecutionListener, org.springframework.boot.test.autoconfigure.web.client.MockRestServiceServerResetTestExecutionListener, org.springframework.boot.test.autoconfigure.web.servlet.MockMvcPrintOnlyOnFailureTestExecutionListener, org.springframework.boot.test.autoconfigure.web.servlet.WebDriverTestExecutionListener, org.springframework.boot.test.mock.mockito.MockitoTestExecutionListener, org.springframework.boot.test.mock.mockito.ResetMocksTestExecutionListener, org.springframework.test.context.web.ServletTestExecutionListener, org.springframework.test.context.support.DirtiesContextBeforeModesTestExecutionListener, org.springframework.test.context.support.DependencyInjectionTestExecutionListener, org.springframework.test.context.support.DirtiesContextTestExecutionListener, org.springframework.test.context.transaction.TransactionalTestExecutionListener, org.springframework.test.context.jdbc.SqlScriptsTestExecutionListener]
2022-03-19 23:19:50.068  INFO 877 --- [    Test worker] .b.t.c.SpringBootTestContextBootstrapper : Using TestExecutionListeners: [org.springframework.test.context.web.ServletTestExecutionListener@6f5e7148, org.springframework.test.context.support.DirtiesContextBeforeModesTestExecutionListener@7db136cd, org.springframework.boot.test.mock.mockito.MockitoTestExecutionListener@1e4a4562, org.springframework.boot.test.autoconfigure.SpringBootDependencyInjectionTestExecutionListener@541dda99, org.springframework.test.context.support.DirtiesContextTestExecutionListener@48d52563, org.springframework.test.context.transaction.TransactionalTestExecutionListener@3c2665ea, org.springframework.test.context.jdbc.SqlScriptsTestExecutionListener@700b5659, org.springframework.security.test.context.support.WithSecurityContextTestExecutionListener@4af883d3, org.springframework.security.test.context.support.ReactorContextTestExecutionListener@2b6749d2, org.springframework.boot.test.autoconfigure.restdocs.RestDocsTestExecutionListener@24617061, org.springframework.boot.test.autoconfigure.web.client.MockRestServiceServerResetTestExecutionListener@ef2532a, org.springframework.boot.test.autoconfigure.web.servlet.MockMvcPrintOnlyOnFailureTestExecutionListener@9aaf3c, org.springframework.boot.test.autoconfigure.web.servlet.WebDriverTestExecutionListener@11a24f24, org.springframework.boot.test.mock.mockito.ResetMocksTestExecutionListener@3e6fc709]

  .   ____          _            __ _ _
 /\\ / ___'_ __ _ _(_)_ __  __ _ \ \ \ \
( ( )\___ | '_ | '_| | '_ \/ _` | \ \ \ \
 \\/  ___)| |_)| | | | | || (_| |  ) ) ) )
  '  |____| .__|_| |_|_| |_\__, | / / / /
 =========|_|==============|___/=/_/_/_/
 :: Spring Boot ::        (v2.1.7.RELEASE)

2022-03-19 23:19:50.083  INFO 877 --- [    Test worker] c.j.b.s.d.posts.PostsRepositoryTest      : Starting PostsRepositoryTest on yuganghyeon-ui-MacBookPro.local with PID 877 (started by yuganghyeon in /Users/yuganghyeon/IdeaProjects/boot)
2022-03-19 23:19:50.084  INFO 877 --- [    Test worker] c.j.b.s.d.posts.PostsRepositoryTest      : No active profile set, falling back to default profiles: default
2022-03-19 23:19:50.278  INFO 877 --- [    Test worker] .s.d.r.c.RepositoryConfigurationDelegate : Bootstrapping Spring Data repositories in DEFAULT mode.
2022-03-19 23:19:50.292  INFO 877 --- [    Test worker] .s.d.r.c.RepositoryConfigurationDelegate : Finished Spring Data repository scanning in 14ms. Found 2 repository interfaces.
2022-03-19 23:19:50.380  INFO 877 --- [    Test worker] trationDelegate$BeanPostProcessorChecker : Bean 'org.springframework.transaction.annotation.ProxyTransactionManagementConfiguration' of type [org.springframework.transaction.annotation.ProxyTransactionManagementConfiguration$$EnhancerBySpringCGLIB$$46f1993] is not eligible for getting processed by all BeanPostProcessors (for example: not eligible for auto-proxying)
2022-03-19 23:19:50.452  INFO 877 --- [    Test worker] com.zaxxer.hikari.HikariDataSource       : HikariPool-2 - Starting...
2022-03-19 23:19:50.454  INFO 877 --- [    Test worker] com.zaxxer.hikari.HikariDataSource       : HikariPool-2 - Start completed.
2022-03-19 23:19:50.473  INFO 877 --- [    Test worker] o.hibernate.jpa.internal.util.LogHelper  : HHH000204: Processing PersistenceUnitInfo [
	name: default
	...]
2022-03-19 23:19:50.496  INFO 877 --- [    Test worker] org.hibernate.dialect.Dialect            : HHH000400: Using dialect: org.hibernate.dialect.MySQL5InnoDBDialect
Hibernate: drop table if exists posts
Hibernate: drop table if exists user
Hibernate: create table posts (id bigint not null auto_increment, created_date datetime, modified_date datetime, author varchar(255), content TEXT not null, title varchar(500) not null, primary key (id)) engine=InnoDB
Hibernate: create table user (id bigint not null auto_increment, created_date datetime, modified_date datetime, email varchar(255) not null, name varchar(255) not null, picture varchar(255), role varchar(255) not null, primary key (id)) engine=InnoDB
2022-03-19 23:19:50.547  INFO 877 --- [    Test worker] o.h.t.schema.internal.SchemaCreatorImpl  : HHH000476: Executing import script 'org.hibernate.tool.schema.internal.exec.ScriptSourceInputNonExistentImpl@21c2f301'
2022-03-19 23:19:50.548  INFO 877 --- [    Test worker] j.LocalContainerEntityManagerFactoryBean : Initialized JPA EntityManagerFactory for persistence unit 'default'
2022-03-19 23:19:50.724  INFO 877 --- [    Test worker] o.h.h.i.QueryTranslatorFactoryInitiator  : HHH000397: Using ASTQueryTranslatorFactory
2022-03-19 23:19:50.837  INFO 877 --- [    Test worker] o.s.s.web.DefaultSecurityFilterChain     : Creating filter chain: any request, [org.springframework.security.web.context.request.async.WebAsyncManagerIntegrationFilter@183fda8c, org.springframework.security.web.context.SecurityContextPersistenceFilter@3d3eb50d, org.springframework.security.web.header.HeaderWriterFilter@7db25812, org.springframework.security.web.authentication.logout.LogoutFilter@296949d4, org.springframework.security.oauth2.client.web.OAuth2AuthorizationRequestRedirectFilter@830eb63, org.springframework.security.oauth2.client.web.OAuth2LoginAuthenticationFilter@2504e5ee, org.springframework.security.web.authentication.ui.DefaultLoginPageGeneratingFilter@61371e22, org.springframework.security.web.authentication.ui.DefaultLogoutPageGeneratingFilter@6a601ab3, org.springframework.security.web.savedrequest.RequestCacheAwareFilter@2444dd2d, org.springframework.security.web.servletapi.SecurityContextHolderAwareRequestFilter@4b59637f, org.springframework.security.web.authentication.AnonymousAuthenticationFilter@65849f6f, org.springframework.security.web.session.SessionManagementFilter@2ec08086, org.springframework.security.web.access.ExceptionTranslationFilter@23c7548b, org.springframework.security.web.access.intercept.FilterSecurityInterceptor@2c5bcec6]
2022-03-19 23:19:51.056  INFO 877 --- [    Test worker] o.s.s.concurrent.ThreadPoolTaskExecutor  : Initializing ExecutorService 'applicationTaskExecutor'
2022-03-19 23:19:51.066  WARN 877 --- [    Test worker] aWebConfiguration$JpaWebMvcConfiguration : spring.jpa.open-in-view is enabled by default. Therefore, database queries may be performed during view rendering. Explicitly configure spring.jpa.open-in-view to disable this warning
2022-03-19 23:19:51.087  INFO 877 --- [    Test worker] o.s.b.a.w.s.WelcomePageHandlerMapping    : Adding welcome page template: index
2022-03-19 23:19:51.351  INFO 877 --- [    Test worker] s.a.ScheduledAnnotationBeanPostProcessor : No TaskScheduler/ScheduledExecutorService bean found for scheduled processing
2022-03-19 23:19:51.353  INFO 877 --- [    Test worker] c.j.b.s.d.posts.PostsRepositoryTest      : Started PostsRepositoryTest in 1.283 seconds (JVM running for 20.266)
Hibernate: insert into posts (created_date, modified_date, author, content, title) values (?, ?, ?, ?, ?)
Hibernate: select posts0_.id as id1_0_, posts0_.created_date as created_2_0_, posts0_.modified_date as modified3_0_, posts0_.author as author4_0_, posts0_.content as content5_0_, posts0_.title as title6_0_ from posts posts0_
Hibernate: select posts0_.id as id1_0_, posts0_.created_date as created_2_0_, posts0_.modified_date as modified3_0_, posts0_.author as author4_0_, posts0_.content as content5_0_, posts0_.title as title6_0_ from posts posts0_
Hibernate: delete from posts where id=?
Hibernate: insert into posts (created_date, modified_date, author, content, title) values (?, ?, ?, ?, ?)
Hibernate: select posts0_.id as id1_0_, posts0_.created_date as created_2_0_, posts0_.modified_date as modified3_0_, posts0_.author as author4_0_, posts0_.content as content5_0_, posts0_.title as title6_0_ from posts posts0_
>>>>>>>>> createDate=2022-03-19T23:19:51.383720, modifiedDate=2022-03-19T23:19:51.383720
Hibernate: select posts0_.id as id1_0_, posts0_.created_date as created_2_0_, posts0_.modified_date as modified3_0_, posts0_.author as author4_0_, posts0_.content as content5_0_, posts0_.title as title6_0_ from posts posts0_
Hibernate: delete from posts where id=?
]]></system-out>
  <system-err><![CDATA[]]></system-err>
</testsuite>
